Release 14.1 - platgen Xilinx EDK 14.1 Build EDK_P.15xf
 (nt64)
Copyright (c) 1995-2012 Xilinx, Inc.  All rights reserved.

Command Line: platgen -p xc3s1000ft256-5 -lang vhdl -intstyle default -msg
__xps/ise/xmsgprops.lst system.mhs 

WARNING:EDK - INFO:Security:50 - The XILINXD_LICENSE_FILE environment variable
   is set to
   'C:\software\electronica\xilinx\14.1\ISE_DS\common\licenses\xilinx.lic'.
   INFO:Security:52 - The LM_LICENSE_FILE environment variable is set to
   '1717@fdilicencias1;2100@fdilicencias1'.
   INFO:Security:71 - If a license for part 'xc3s1000' is available, it will be
   possible to use 'XPS_TDP' instead of 'XPS'.
   WARNING:Security:43 - No license file was found in the standard Xilinx
   license directory.
   WARNING:Security:44 - Since no license file was found,
          please run the Xilinx License Configuration Manager
          (xlcm or "Manage Xilinx Licenses")
          to assist in obtaining a license.
   WARNING:Security:42 - Your software subscription period has lapsed. Your
   current version of Xilinx tools will continue to function, but you no longer
   qualify for Xilinx software updates or new releases.


Parse C:/hlocal/p3/Practica3SE/Practica3SE/system.mhs ...

Read MPD definitions ...

Overriding IP level properties ...

Computing clock values...
INFO:EDK:1432 - Frequency for Top-Level Input Clock 'Clk_pin' is not specified.
   Clock DRCs will not be performed for IPs connected to that clock port, unless
   they are connected through the clock generator IP. 


Performing IP level DRCs on properties...

Running DRC Tcl procedures for OPTION IPLEVEL_DRC_PROC...
Address Map for Processor microblaze_0
  (0000000000-0x00007fff) xps_bram_if_cntlr_0	plb_v46_0
  (0x84000000-0x8400ffff) xps_uartlite_0	plb_v46_0
  (0xc8600000-0xc860ffff) teclado_0	plb_v46_0
INFO:EDK:4130 - IPNAME: plb_v46, INSTANCE:plb_v46_0 - tool is overriding
   PARAMETER C_PLBV46_NUM_MASTERS value to 2 -
   C:\software\electronica\xilinx\14.1\ISE_DS\EDK\hw\XilinxProcessorIPLib\pcores
   \plb_v46_v1_05_a\data\plb_v46_v2_1_0.mpd line 78 
INFO:EDK:4130 - IPNAME: plb_v46, INSTANCE:plb_v46_0 - tool is overriding
   PARAMETER C_PLBV46_NUM_SLAVES value to 3 -
   C:\software\electronica\xilinx\14.1\ISE_DS\EDK\hw\XilinxProcessorIPLib\pcores
   \plb_v46_v1_05_a\data\plb_v46_v2_1_0.mpd line 79 
INFO:EDK:4130 - IPNAME: plb_v46, INSTANCE:plb_v46_0 - tool is overriding
   PARAMETER C_PLBV46_MID_WIDTH value to 1 -
   C:\software\electronica\xilinx\14.1\ISE_DS\EDK\hw\XilinxProcessorIPLib\pcores
   \plb_v46_v1_05_a\data\plb_v46_v2_1_0.mpd line 80 
INFO:EDK:4130 - IPNAME: plb_v46, INSTANCE:plb_v46_0 - tool is overriding
   PARAMETER C_PLBV46_DWIDTH value to 32 -
   C:\software\electronica\xilinx\14.1\ISE_DS\EDK\hw\XilinxProcessorIPLib\pcores
   \plb_v46_v1_05_a\data\plb_v46_v2_1_0.mpd line 82 
INFO:EDK:4130 - IPNAME: bram_block, INSTANCE:bram_block_0 - tool is overriding
   PARAMETER C_MEMSIZE value to 0x8000 -
   C:\software\electronica\xilinx\14.1\ISE_DS\EDK\hw\XilinxProcessorIPLib\pcores
   \bram_block_v1_00_a\data\bram_block_v2_1_0.mpd line 76 
INFO:EDK:4130 - IPNAME: xps_uartlite, INSTANCE:xps_uartlite_0 - tool is
   overriding PARAMETER C_SPLB_NUM_MASTERS value to 2 -
   C:\software\electronica\xilinx\14.1\ISE_DS\EDK\hw\XilinxProcessorIPLib\pcores
   \xps_uartlite_v1_02_a\data\xps_uartlite_v2_1_0.mpd line 83 
INFO:EDK:4130 - IPNAME: teclado, INSTANCE:teclado_0 - tool is overriding
   PARAMETER C_SPLB_DWIDTH value to 32 -
   C:\hlocal\p3\Practica3SE\Practica3SE\pcores\teclado_v1_00_a\data\teclado_v2_1
   _0.mpd line 25 
INFO:EDK:4130 - IPNAME: teclado, INSTANCE:teclado_0 - tool is overriding
   PARAMETER C_SPLB_NUM_MASTERS value to 2 -
   C:\hlocal\p3\Practica3SE\Practica3SE\pcores\teclado_v1_00_a\data\teclado_v2_1
   _0.mpd line 26 
INFO:EDK:4130 - IPNAME: teclado, INSTANCE:teclado_0 - tool is overriding
   PARAMETER C_SPLB_MID_WIDTH value to 1 -
   C:\hlocal\p3\Practica3SE\Practica3SE\pcores\teclado_v1_00_a\data\teclado_v2_1
   _0.mpd line 27 

Checking platform address map ...

Checking platform configuration ...
IPNAME: plb_v46, INSTANCE: plb_v46_0 - 2 master(s) : 3 slave(s) 

Checking port drivers...
WARNING:EDK:4180 - PORT: EXT_BRK, CONNECTOR: Ext_BRK - No driver found. Port
   will be driven to GND -
   C:\software\electronica\xilinx\14.1\ISE_DS\EDK\hw\XilinxProcessorIPLib\pcores
   \microblaze_v8_30_a\data\microblaze_v2_1_0.mpd line 412 
WARNING:EDK:4180 - PORT: EXT_NM_BRK, CONNECTOR: Ext_NM_BRK - No driver found.
   Port will be driven to GND -
   C:\software\electronica\xilinx\14.1\ISE_DS\EDK\hw\XilinxProcessorIPLib\pcores
   \microblaze_v8_30_a\data\microblaze_v2_1_0.mpd line 413 

Performing Clock DRCs...
INFO:EDK:4060 - INSTANCE: microblaze_0, PARAMETER: C_FREQ - Did not implement
   clock DRCs for the parameter. Top-level frequency could not be propagated to
   this IP. Please make sure that you have specified the frequency of the
   top-level clock port, and that the clocks are properly connected.
INFO:EDK:4060 - INSTANCE: xps_uartlite_0, PARAMETER: C_SPLB_CLK_FREQ_HZ - Did
   not implement clock DRCs for the parameter. Top-level frequency could not be
   propagated to this IP. Please make sure that you have specified the frequency
   of the top-level clock port, and that the clocks are properly connected.
INFO:EDK:4060 - INSTANCE: teclado_0, PARAMETER: C_SPLB_CLK_PERIOD_PS - Did not
   implement clock DRCs for the parameter. Top-level frequency could not be
   propagated to this IP. Please make sure that you have specified the frequency
   of the top-level clock port, and that the clocks are properly connected.

Performing Reset DRCs...

Overriding system level properties...
INFO:EDK:4130 - IPNAME: microblaze, INSTANCE:microblaze_0 - tcl is overriding
   PARAMETER C_D_PLB value to 1 -
   C:\software\electronica\xilinx\14.1\ISE_DS\EDK\hw\XilinxProcessorIPLib\pcores
   \microblaze_v8_30_a\data\microblaze_v2_1_0.mpd line 230 
INFO:EDK:4130 - IPNAME: microblaze, INSTANCE:microblaze_0 - tcl is overriding
   PARAMETER C_D_LMB value to 0 -
   C:\software\electronica\xilinx\14.1\ISE_DS\EDK\hw\XilinxProcessorIPLib\pcores
   \microblaze_v8_30_a\data\microblaze_v2_1_0.mpd line 231 
INFO:EDK:4130 - IPNAME: microblaze, INSTANCE:microblaze_0 - tcl is overriding
   PARAMETER C_I_PLB value to 1 -
   C:\software\electronica\xilinx\14.1\ISE_DS\EDK\hw\XilinxProcessorIPLib\pcores
   \microblaze_v8_30_a\data\microblaze_v2_1_0.mpd line 233 
INFO:EDK:4130 - IPNAME: microblaze, INSTANCE:microblaze_0 - tcl is overriding
   PARAMETER C_I_LMB value to 0 -
   C:\software\electronica\xilinx\14.1\ISE_DS\EDK\hw\XilinxProcessorIPLib\pcores
   \microblaze_v8_30_a\data\microblaze_v2_1_0.mpd line 234 
INFO:EDK:4130 - IPNAME: microblaze, INSTANCE:microblaze_0 - tcl is overriding
   PARAMETER C_ADDR_TAG_BITS value to 0 -
   C:\software\electronica\xilinx\14.1\ISE_DS\EDK\hw\XilinxProcessorIPLib\pcores
   \microblaze_v8_30_a\data\microblaze_v2_1_0.mpd line 334 
INFO:EDK:4130 - IPNAME: microblaze, INSTANCE:microblaze_0 - tcl is overriding
   PARAMETER C_DCACHE_ADDR_TAG value to 0 -
   C:\software\electronica\xilinx\14.1\ISE_DS\EDK\hw\XilinxProcessorIPLib\pcores
   \microblaze_v8_30_a\data\microblaze_v2_1_0.mpd line 364 

Running system level update procedures...

Running UPDATE Tcl procedures for OPTION SYSLEVEL_UPDATE_PROC...

Running system level DRCs...

Performing System level DRCs on properties...

Running DRC Tcl procedures for OPTION SYSLEVEL_DRC_PROC...

Running UPDATE Tcl procedures for OPTION PLATGEN_SYSLEVEL_UPDATE_PROC...
INFO: The microblaze_0 core has constraints automatically generated by XPS in
implementation/microblaze_0_wrapper/microblaze_0_wrapper.ucf.
It can be overridden by constraints placed in the system.ucf file.


Modify defaults ...

Creating stub ...

Processing licensed instances ...
Completion time: 0.00 seconds

Creating hardware output directories ...

Managing hardware (BBD-specified) netlist files ...

Managing cache ...

Elaborating instances ...
IPNAME:bram_block INSTANCE:bram_block_0 -
C:\hlocal\p3\Practica3SE\Practica3SE\system.mhs line 38 - elaborating IP

Writing HDL for elaborated instances ...

Inserting wrapper level ...
Completion time: 1.00 seconds

Constructing platform-level connectivity ...
Completion time: 0.00 seconds

Writing (top-level) BMM ...

Writing (top-level and wrappers) HDL ...

Generating synthesis project file ...

Running XST synthesis ...

INFO:EDK:4211 - The following instances are synthesized with XST. The MPD option
   IMP_NETLIST=TRUE indicates that a NGC file is to be produced using XST
   synthesis. IMP_NETLIST=FALSE (default) instances are not synthesized. 
INSTANCE:microblaze_0 - C:\hlocal\p3\Practica3SE\Practica3SE\system.mhs line 13
- Running XST synthesis
INSTANCE:plb_v46_0 - C:\hlocal\p3\Practica3SE\Practica3SE\system.mhs line 21 -
Running XST synthesis
INSTANCE:xps_bram_if_cntlr_0 - C:\hlocal\p3\Practica3SE\Practica3SE\system.mhs
line 28 - Running XST synthesis
INSTANCE:bram_block_0 - C:\hlocal\p3\Practica3SE\Practica3SE\system.mhs line 38
- Running XST synthesis
INSTANCE:xps_uartlite_0 - C:\hlocal\p3\Practica3SE\Practica3SE\system.mhs line
44 - Running XST synthesis
INSTANCE:teclado_0 - C:\hlocal\p3\Practica3SE\Practica3SE\system.mhs line 56 -
Running XST synthesis

Running NGCBUILD ...
IPNAME:system_microblaze_0_wrapper INSTANCE:microblaze_0 -
C:\hlocal\p3\Practica3SE\Practica3SE\system.mhs line 13 - Running NGCBUILD
INFO:EDK:3509 - NCF files should not be modified as they will be regenerated.
   If any constraint needs to be overridden, this should be done by modifying
   the data/system.ucf file.

Rebuilding cache ...

Total run time: 205.00 seconds
